<?xml version="1.0" encoding="UTF-8"?>
<testng-results ignored="0" total="1" passed="1" failed="0" skipped="0">
  <reporter-output>
  </reporter-output>
  <suite started-at="2024-10-06T19:42:57 IST" name="com.testngUtilities.TestNGPractice" finished-at="2024-10-06T19:42:57 IST" duration-ms="62">
    <groups>
    </groups>
    <test started-at="2024-10-06T19:42:57 IST" name="Command line test" finished-at="2024-10-06T19:42:57 IST" duration-ms="62">
      <class name="com.testngUtilities.TestNGPractice">
        <test-method is-config="true" signature="beforeTest()[pri:0, instance:com.testngUtilities.TestNGPractice@77167fb7]" started-at="2024-10-06T19:42:57 IST" name="beforeTest" finished-at="2024-10-06T19:42:57 IST" duration-ms="15" status="PASS">
          <reporter-output>
          </reporter-output>
        </test-method> <!-- beforeTest -->
        <test-method signature="test()[pri:0, instance:com.testngUtilities.TestNGPractice@77167fb7]" started-at="2024-10-06T19:42:57 IST" name="test" finished-at="2024-10-06T19:42:57 IST" duration-ms="1" status="PASS">
          <reporter-output>
          </reporter-output>
        </test-method> <!-- test -->
        <test-method is-config="true" signature="afterTest()[pri:0, instance:com.testngUtilities.TestNGPractice@77167fb7]" started-at="2024-10-06T19:42:57 IST" name="afterTest" finished-at="2024-10-06T19:42:57 IST" duration-ms="1" status="PASS">
          <reporter-output>
          </reporter-output>
        </test-method> <!-- afterTest -->
      </class> <!-- com.testngUtilities.TestNGPractice -->
    </test> <!-- Command line test -->
  </suite> <!-- com.testngUtilities.TestNGPractice -->
</testng-results>
